<?xml version="1.0" encoding="UTF-8"?>
<!-- Generated by org.testng.reporters.JUnitReportReporter -->
<testsuite hostname="2ZWHNN3-JLABS" failures="0" tests="5" name="runners.MainRunner" time="145.349" errors="0" timestamp="2022-11-09T10:55:18 CET" skipped="0">
  <testcase classname="runners.MainRunner" name="runScenario" time="29.013"/>
  <system-out/>
  <testcase classname="runners.MainRunner" name="runScenario" time="28.981"/>
  <system-out/>
  <testcase classname="runners.MainRunner" name="runScenario" time="29.119"/>
  <system-out/>
  <testcase classname="runners.MainRunner" name="runScenario" time="29.149"/>
  <system-out/>
  <testcase classname="runners.MainRunner" name="runScenario" time="29.087"/>
  <system-out/>
</testsuite> <!-- runners.MainRunner -->
